{
  "RSpec": {
    "coverage": {
      "/Users/bsas/Dropbox/projects/makers/week4/bookmark_manager/app.rb": [
        1,
        1,
        1,
        1,
        null,
        1,
        null,
        1,
        1,
        1,
        null,
        1,
        3,
        null,
        null,
        1,
        3,
        null,
        null,
        1,
        3,
        3,
        null,
        null,
        1,
        1,
        1,
        null,
        null,
        1,
        1,
        1,
        null,
        null,
        1,
        1,
        1,
        null,
        null,
        1,
        7,
        7,
        null,
        null,
        1,
        null
      ],
      "/Users/bsas/Dropbox/projects/makers/week4/bookmark_manager/lib/bookmark.rb": [
        1,
        null,
        1,
        1,
        null,
        1,
        null,
        null,
        null,
        19,
        19,
        19,
        null,
        null,
        1,
        5,
        2,
        2,
        null,
        null,
        1,
        3,
        3,
        null,
        null,
        1,
        2,
        2,
        null,
        null,
        1,
        20,
        20,
        null,
        39,
        null,
        null,
        1,
        27,
        null,
        null,
        1,
        null,
        1,
        5,
        null,
        null
      ],
      "/Users/bsas/Dropbox/projects/makers/week4/bookmark_manager/spec/bookmark_spec.rb": [
        1,
        null,
        1,
        9,
        null,
        1,
        2,
        null,
        null,
        1,
        2,
        2,
        2,
        null,
        null,
        1,
        1,
        1,
        1,
        null,
        1,
        1,
        1,
        1,
        null,
        null,
        null,
        1,
        1,
        1,
        1,
        null,
        null,
        null,
        1,
        1,
        1,
        1,
        null,
        null,
        null
      ],
      "/Users/bsas/Dropbox/projects/makers/week4/bookmark_manager/spec/data_base_connection_spec.rb": [
        1,
        null,
        1,
        1,
        1,
        1,
        1,
        null,
        null,
        null,
        null,
        1,
        1,
        1,
        null,
        1,
        null,
        1,
        null,
        null
      ],
      "/Users/bsas/Dropbox/projects/makers/week4/bookmark_manager/spec/features/adding_bookmark_spec.rb": [
        1,
        1,
        1,
        1,
        1,
        1,
        1,
        1,
        1,
        1,
        null,
        1,
        1,
        1,
        1,
        1,
        1,
        1,
        null,
        null
      ],
      "/Users/bsas/Dropbox/projects/makers/week4/bookmark_manager/spec/features/bookmarks_spec.rb": [
        1,
        1,
        1,
        1,
        1,
        1,
        1,
        null,
        null
      ],
      "/Users/bsas/Dropbox/projects/makers/week4/bookmark_manager/spec/features/delete_bookmark_spec.rb": [
        1,
        1,
        1,
        1,
        1,
        1,
        null,
        null
      ],
      "/Users/bsas/Dropbox/projects/makers/week4/bookmark_manager/spec/features/update_bookmark_spec.rb": [
        1,
        1,
        1,
        1,
        1,
        1,
        1,
        1,
        1,
        1,
        null,
        null
      ]
    },
    "timestamp": 1579280997
  }
}
